# JRE version: OpenJDK Runtime Environment Corretto-17.0.12.7.1 (17.0.12+7) (build 17.0.12+7-LTS)
# Java VM: OpenJDK 64-Bit Server VM Corretto-17.0.12.7.1 (17.0.12+7-LTS, mixed mode, sharing, tiered, compressed oops, compressed class ptrs, g1 gc, bsd-amd64)
GC Precious Log:
 CPUs: 8 total, 8 available
 Memory: 16384M
 Large Page Support: Disabled
 NUMA Support: Disabled
 Compressed Oops: Enabled (Zero based)
 Heap Region Size: 2M
 Heap Min Capacity: 8M
 Heap Initial Capacity: 256M
 Heap Max Capacity: 4G
 Pre-touch: Disabled
 Parallel Workers: 8
 Concurrent Workers: 2
 Concurrent Refinement Workers: 8
 Periodic GC: Disabled
Heap:
 garbage-first heap   total 122880K, used 85680K [0x0000000700000000, 0x0000000800000000)
  region size 2048K, 21 young (43008K), 2 survivors (4096K)
 Metaspace       used 94126K, committed 94848K, reserved 1179648K
  class space    used 12621K, committed 12992K, reserved 1048576K
GC Heap History (20 events):
Event: 1131.208 GC heap before
{Heap before GC invocations=22 (full 0):
 garbage-first heap   total 122880K, used 100341K [0x0000000700000000, 0x0000000800000000)
  region size 2048K, 26 young (53248K), 1 survivors (2048K)
 Metaspace       used 92415K, committed 93120K, reserved 1179648K
  class space    used 12469K, committed 12864K, reserved 1048576K
}
Event: 1131.211 GC heap after
{Heap after GC invocations=23 (full 0):
 garbage-first heap   total 122880K, used 49329K [0x0000000700000000, 0x0000000800000000)
  region size 2048K, 2 young (4096K), 2 survivors (4096K)
 Metaspace       used 92415K, committed 93120K, reserved 1179648K
  class space    used 12469K, committed 12864K, reserved 1048576K
}
Event: 1322.650 GC heap before
{Heap before GC invocations=23 (full 0):
 garbage-first heap   total 122880K, used 100529K [0x0000000700000000, 0x0000000800000000)
  region size 2048K, 27 young (55296K), 2 survivors (4096K)
 Metaspace       used 92643K, committed 93440K, reserved 1179648K
  class space    used 12475K, committed 12864K, reserved 1048576K
}
Event: 1322.655 GC heap after
{Heap after GC invocations=24 (full 0):
 garbage-first heap   total 122880K, used 49411K [0x0000000700000000, 0x0000000800000000)
  region size 2048K, 2 young (4096K), 2 survivors (4096K)
 Metaspace       used 92643K, committed 93440K, reserved 1179648K
  class space    used 12475K, committed 12864K, reserved 1048576K
}
Event: 1791.145 GC heap before
{Heap before GC invocations=24 (full 0):
 garbage-first heap   total 122880K, used 98563K [0x0000000700000000, 0x0000000800000000)
  region size 2048K, 27 young (55296K), 2 survivors (4096K)
 Metaspace       used 93548K, committed 94336K, reserved 1179648K
  class space    used 12592K, committed 12992K, reserved 1048576K
}
Event: 1791.184 GC heap after
{Heap after GC invocations=25 (full 0):
 garbage-first heap   total 122880K, used 50036K [0x0000000700000000, 0x0000000800000000)
  region size 2048K, 2 young (4096K), 2 survivors (4096K)
 Metaspace       used 93548K, committed 94336K, reserved 1179648K
  class space    used 12592K, committed 12992K, reserved 1048576K
}
Event: 2305.749 GC heap before
{Heap before GC invocations=25 (full 0):
 garbage-first heap   total 122880K, used 101236K [0x0000000700000000, 0x0000000800000000)
  region size 2048K, 27 young (55296K), 2 survivors (4096K)
 Metaspace       used 93699K, committed 94464K, reserved 1179648K
  class space    used 12605K, committed 12992K, reserved 1048576K
}
Event: 2305.755 GC heap after
{Heap after GC invocations=26 (full 0):
 garbage-first heap   total 122880K, used 50595K [0x0000000700000000, 0x0000000800000000)
  region size 2048K, 2 young (4096K), 2 survivors (4096K)
 Metaspace       used 93699K, committed 94464K, reserved 1179648K
  class space    used 12605K, committed 12992K, reserved 1048576K
}
Event: 2886.713 GC heap before
{Heap before GC invocations=26 (full 0):
 garbage-first heap   total 122880K, used 101795K [0x0000000700000000, 0x0000000800000000)
  region size 2048K, 27 young (55296K), 2 survivors (4096K)
 Metaspace       used 93724K, committed 94464K, reserved 1179648K
  class space    used 12605K, committed 12992K, reserved 1048576K
}
Event: 2886.722 GC heap after
{Heap after GC invocations=27 (full 0):
 garbage-first heap   total 122880K, used 50580K [0x0000000700000000, 0x0000000800000000)
  region size 2048K, 2 young (4096K), 2 survivors (4096K)
 Metaspace       used 93724K, committed 94464K, reserved 1179648K
  class space    used 12605K, committed 12992K, reserved 1048576K
}
Event: 3470.483 GC heap before
{Heap before GC invocations=27 (full 0):
 garbage-first heap   total 122880K, used 101780K [0x0000000700000000, 0x0000000800000000)
  region size 2048K, 27 young (55296K), 2 survivors (4096K)
 Metaspace       used 93724K, committed 94464K, reserved 1179648K
  class space    used 12605K, committed 12992K, reserved 1048576K
}
Event: 3470.488 GC heap after
{Heap after GC invocations=28 (full 0):
 garbage-first heap   total 122880K, used 50617K [0x0000000700000000, 0x0000000800000000)
  region size 2048K, 2 young (4096K), 2 survivors (4096K)
 Metaspace       used 93724K, committed 94464K, reserved 1179648K
  class space    used 12605K, committed 12992K, reserved 1048576K
}
Event: 4001.861 GC heap before
{Heap before GC invocations=28 (full 0):
 garbage-first heap   total 122880K, used 101817K [0x0000000700000000, 0x0000000800000000)
  region size 2048K, 27 young (55296K), 2 survivors (4096K)
 Metaspace       used 93781K, committed 94592K, reserved 1179648K
  class space    used 12605K, committed 12992K, reserved 1048576K
}
Event: 4001.869 GC heap after
{Heap after GC invocations=29 (full 0):
 garbage-first heap   total 122880K, used 50918K [0x0000000700000000, 0x0000000800000000)
  region size 2048K, 2 young (4096K), 2 survivors (4096K)
 Metaspace       used 93781K, committed 94592K, reserved 1179648K
  class space    used 12605K, committed 12992K, reserved 1048576K
}
Event: 4585.219 GC heap before
{Heap before GC invocations=29 (full 0):
 garbage-first heap   total 122880K, used 102118K [0x0000000700000000, 0x0000000800000000)
  region size 2048K, 27 young (55296K), 2 survivors (4096K)
 Metaspace       used 93781K, committed 94592K, reserved 1179648K
  class space    used 12605K, committed 12992K, reserved 1048576K
}
Event: 4585.235 GC heap after
{Heap after GC invocations=30 (full 0):
 garbage-first heap   total 122880K, used 50894K [0x0000000700000000, 0x0000000800000000)
  region size 2048K, 2 young (4096K), 2 survivors (4096K)
 Metaspace       used 93781K, committed 94592K, reserved 1179648K
  class space    used 12605K, committed 12992K, reserved 1048576K
}
Event: 5166.777 GC heap before
{Heap before GC invocations=30 (full 0):
 garbage-first heap   total 122880K, used 102094K [0x0000000700000000, 0x0000000800000000)
  region size 2048K, 27 young (55296K), 2 survivors (4096K)
 Metaspace       used 93782K, committed 94592K, reserved 1179648K
  class space    used 12605K, committed 12992K, reserved 1048576K
}
Event: 5166.781 GC heap after
{Heap after GC invocations=31 (full 0):
 garbage-first heap   total 122880K, used 50509K [0x0000000700000000, 0x0000000800000000)
  region size 2048K, 2 young (4096K), 2 survivors (4096K)
 Metaspace       used 93782K, committed 94592K, reserved 1179648K
  class space    used 12605K, committed 12992K, reserved 1048576K
}
Event: 5693.775 GC heap before
{Heap before GC invocations=31 (full 0):
 garbage-first heap   total 122880K, used 101709K [0x0000000700000000, 0x0000000800000000)
  region size 2048K, 27 young (55296K), 2 survivors (4096K)
 Metaspace       used 93814K, committed 94592K, reserved 1179648K
  class space    used 12605K, committed 12992K, reserved 1048576K
}
Event: 5693.780 GC heap after
{Heap after GC invocations=32 (full 0):
 garbage-first heap   total 122880K, used 50864K [0x0000000700000000, 0x0000000800000000)
  region size 2048K, 2 young (4096K), 2 survivors (4096K)
 Metaspace       used 93814K, committed 94592K, reserved 1179648K
  class space    used 12605K, committed 12992K, reserved 1048576K
}

