# JRE version: OpenJDK Runtime Environment Corretto-17.0.12.7.1 (17.0.12+7) (build 17.0.12+7-LTS)
# Java VM: OpenJDK 64-Bit Server VM Corretto-17.0.12.7.1 (17.0.12+7-LTS, mixed mode, sharing, tiered, compressed oops, compressed class ptrs, g1 gc, bsd-amd64)
GC Precious Log:
 CPUs: 8 total, 8 available
 Memory: 16384M
 Large Page Support: Disabled
 NUMA Support: Disabled
 Compressed Oops: Enabled (Zero based)
 Heap Region Size: 2M
 Heap Min Capacity: 8M
 Heap Initial Capacity: 256M
 Heap Max Capacity: 4G
 Pre-touch: Disabled
 Parallel Workers: 8
 Concurrent Workers: 2
 Concurrent Refinement Workers: 8
 Periodic GC: Disabled
Heap:
 garbage-first heap   total 122880K, used 50083K [0x0000000700000000, 0x0000000800000000)
  region size 2048K, 6 young (12288K), 4 survivors (8192K)
 Metaspace       used 86882K, committed 87552K, reserved 1179648K
  class space    used 12032K, committed 12352K, reserved 1048576K
GC Heap History (20 events):
Event: 4.609 GC heap before
{Heap before GC invocations=10 (full 0):
 garbage-first heap   total 75776K, used 53587K [0x0000000700000000, 0x0000000800000000)
  region size 2048K, 15 young (30720K), 1 survivors (2048K)
 Metaspace       used 41848K, committed 42304K, reserved 1114112K
  class space    used 5666K, committed 5888K, reserved 1048576K
}
Event: 4.612 GC heap after
{Heap after GC invocations=11 (full 0):
 garbage-first heap   total 75776K, used 26167K [0x0000000700000000, 0x0000000800000000)
  region size 2048K, 2 young (4096K), 2 survivors (4096K)
 Metaspace       used 41848K, committed 42304K, reserved 1114112K
  class space    used 5666K, committed 5888K, reserved 1048576K
}
Event: 4.645 GC heap before
{Heap before GC invocations=11 (full 0):
 garbage-first heap   total 75776K, used 28215K [0x0000000700000000, 0x0000000800000000)
  region size 2048K, 3 young (6144K), 2 survivors (4096K)
 Metaspace       used 42342K, committed 42816K, reserved 1114112K
  class space    used 5739K, committed 5952K, reserved 1048576K
}
Event: 4.649 GC heap after
{Heap after GC invocations=12 (full 0):
 garbage-first heap   total 75776K, used 25939K [0x0000000700000000, 0x0000000800000000)
  region size 2048K, 1 young (2048K), 1 survivors (2048K)
 Metaspace       used 42342K, committed 42816K, reserved 1114112K
  class space    used 5739K, committed 5952K, reserved 1048576K
}
Event: 5.263 GC heap before
{Heap before GC invocations=12 (full 0):
 garbage-first heap   total 75776K, used 54611K [0x0000000700000000, 0x0000000800000000)
  region size 2048K, 15 young (30720K), 1 survivors (2048K)
 Metaspace       used 53077K, committed 53632K, reserved 1114112K
  class space    used 7086K, committed 7360K, reserved 1048576K
}
Event: 5.266 GC heap after
{Heap after GC invocations=13 (full 0):
 garbage-first heap   total 145408K, used 28430K [0x0000000700000000, 0x0000000800000000)
  region size 2048K, 2 young (4096K), 2 survivors (4096K)
 Metaspace       used 53077K, committed 53632K, reserved 1114112K
  class space    used 7086K, committed 7360K, reserved 1048576K
}
Event: 5.802 GC heap before
{Heap before GC invocations=13 (full 0):
 garbage-first heap   total 145408K, used 59150K [0x0000000700000000, 0x0000000800000000)
  region size 2048K, 18 young (36864K), 2 survivors (4096K)
 Metaspace       used 60130K, committed 60608K, reserved 1114112K
  class space    used 8074K, committed 8320K, reserved 1048576K
}
Event: 5.806 GC heap after
{Heap after GC invocations=14 (full 0):
 garbage-first heap   total 145408K, used 30163K [0x0000000700000000, 0x0000000800000000)
  region size 2048K, 3 young (6144K), 3 survivors (6144K)
 Metaspace       used 60130K, committed 60608K, reserved 1114112K
  class space    used 8074K, committed 8320K, reserved 1048576K
}
Event: 6.960 GC heap before
{Heap before GC invocations=15 (full 0):
 garbage-first heap   total 122880K, used 97747K [0x0000000700000000, 0x0000000800000000)
  region size 2048K, 36 young (73728K), 3 survivors (6144K)
 Metaspace       used 69688K, committed 70272K, reserved 1114112K
  class space    used 9520K, committed 9792K, reserved 1048576K
}
Event: 6.966 GC heap after
{Heap after GC invocations=16 (full 0):
 garbage-first heap   total 122880K, used 33646K [0x0000000700000000, 0x0000000800000000)
  region size 2048K, 4 young (8192K), 4 survivors (8192K)
 Metaspace       used 69688K, committed 70272K, reserved 1114112K
  class space    used 9520K, committed 9792K, reserved 1048576K
}
Event: 7.593 GC heap before
{Heap before GC invocations=16 (full 0):
 garbage-first heap   total 122880K, used 93038K [0x0000000700000000, 0x0000000800000000)
  region size 2048K, 33 young (67584K), 4 survivors (8192K)
 Metaspace       used 75944K, committed 76544K, reserved 1179648K
  class space    used 10611K, committed 10944K, reserved 1048576K
}
Event: 7.602 GC heap after
{Heap after GC invocations=17 (full 0):
 garbage-first heap   total 122880K, used 38113K [0x0000000700000000, 0x0000000800000000)
  region size 2048K, 5 young (10240K), 5 survivors (10240K)
 Metaspace       used 75944K, committed 76544K, reserved 1179648K
  class space    used 10611K, committed 10944K, reserved 1048576K
}
Event: 7.838 GC heap before
{Heap before GC invocations=17 (full 0):
 garbage-first heap   total 122880K, used 91361K [0x0000000700000000, 0x0000000800000000)
  region size 2048K, 31 young (63488K), 5 survivors (10240K)
 Metaspace       used 76141K, committed 76736K, reserved 1179648K
  class space    used 10644K, committed 10944K, reserved 1048576K
}
Event: 7.845 GC heap after
{Heap after GC invocations=18 (full 0):
 garbage-first heap   total 122880K, used 40911K [0x0000000700000000, 0x0000000800000000)
  region size 2048K, 2 young (4096K), 2 survivors (4096K)
 Metaspace       used 76141K, committed 76736K, reserved 1179648K
  class space    used 10644K, committed 10944K, reserved 1048576K
}
Event: 8.197 GC heap before
{Heap before GC invocations=18 (full 0):
 garbage-first heap   total 122880K, used 94159K [0x0000000700000000, 0x0000000800000000)
  region size 2048K, 28 young (57344K), 2 survivors (4096K)
 Metaspace       used 78752K, committed 79360K, reserved 1179648K
  class space    used 10977K, committed 11264K, reserved 1048576K
}
Event: 8.200 GC heap after
{Heap after GC invocations=19 (full 0):
 garbage-first heap   total 122880K, used 40706K [0x0000000700000000, 0x0000000800000000)
  region size 2048K, 2 young (4096K), 2 survivors (4096K)
 Metaspace       used 78752K, committed 79360K, reserved 1179648K
  class space    used 10977K, committed 11264K, reserved 1048576K
}
Event: 8.979 GC heap before
{Heap before GC invocations=19 (full 0):
 garbage-first heap   total 122880K, used 93954K [0x0000000700000000, 0x0000000800000000)
  region size 2048K, 28 young (57344K), 2 survivors (4096K)
 Metaspace       used 83508K, committed 84096K, reserved 1179648K
  class space    used 11567K, committed 11840K, reserved 1048576K
}
Event: 8.985 GC heap after
{Heap after GC invocations=20 (full 0):
 garbage-first heap   total 122880K, used 44288K [0x0000000700000000, 0x0000000800000000)
  region size 2048K, 4 young (8192K), 4 survivors (8192K)
 Metaspace       used 83508K, committed 84096K, reserved 1179648K
  class space    used 11567K, committed 11840K, reserved 1048576K
}
Event: 9.582 GC heap before
{Heap before GC invocations=20 (full 0):
 garbage-first heap   total 122880K, used 95488K [0x0000000700000000, 0x0000000800000000)
  region size 2048K, 29 young (59392K), 4 survivors (8192K)
 Metaspace       used 86654K, committed 87232K, reserved 1179648K
  class space    used 11996K, committed 12288K, reserved 1048576K
}
Event: 9.591 GC heap after
{Heap after GC invocations=21 (full 0):
 garbage-first heap   total 122880K, used 48035K [0x0000000700000000, 0x0000000800000000)
  region size 2048K, 4 young (8192K), 4 survivors (8192K)
 Metaspace       used 86654K, committed 87232K, reserved 1179648K
  class space    used 11996K, committed 12288K, reserved 1048576K
}

